<?xml version="1.0" encoding="UTF-8"?>
<testng-results skipped="0" failed="0" total="1" passed="1">
  <reporter-output>
  </reporter-output>
  <suite name="Default suite" duration-ms="128011" started-at="2021-06-29T20:02:58Z" finished-at="2021-06-29T20:05:06Z">
    <groups>
    </groups>
    <test name="Default test" duration-ms="128011" started-at="2021-06-29T20:02:58Z" finished-at="2021-06-29T20:05:06Z">
      <class name="JavaStreams">
        <test-method status="PASS" signature="SortingTableUsingStream()[pri:0, instance:JavaStreams@5be6e01c]" name="SortingTableUsingStream" duration-ms="127987" started-at="2021-06-30T01:32:58Z" finished-at="2021-06-30T01:35:06Z">
          <reporter-output>
          </reporter-output>
        </test-method> <!-- SortingTableUsingStream -->
      </class> <!-- JavaStreams -->
    </test> <!-- Default test -->
  </suite> <!-- Default suite -->
</testng-results>
